---
[Entity System] Cannot create an entity because entity class is NULL -1
[Entity System] Cannot create an entity because entity class is NULL -1
[Entity System] Cannot create an entity because entity class is NULL -1
[Entity System] Cannot create an entity because entity class is NULL -1
[VScript] [CreepSpawner] created:	npc_aa_creep_ghost_small_blue	spawner=	RADIANT_SPAWNER_NECRO_1
[Entity System] Cannot create an entity because entity class is NULL -1
[Entity System] Cannot create an entity because entity class is NULL -1
[Entity System] Cannot create an entity because entity class is NULL -1
[Entity System] Cannot create an entity because entity class is NULL -1
[VScript] [CreepSpawner] created:	npc_aa_creep_ghost_small_red	spawner=	RADIANT_SPAWNER_NECRO_1
[Entity System] Cannot create an entity because entity class is NULL -1
[Entity System] Cannot create an entity because entity class is NULL -1
[Entity System] Cannot create an entity because entity class is NULL -1
[Entity System] Cannot create an entity because entity class is NULL -1
[VScript] [CreepSpawner] created:	npc_aa_creep_ghost_small_green	spawner=	RADIANT_SPAWNER_NECRO_1
[VScript] [CreepSpawner] created:	npc_dota_neutral_frostbitten_golem	spawner=	DIRE_SPAWNER_ANCIENT_4
[VScript] [CreepSpawner] created:	npc_dota_neutral_frostbitten_golem	spawner=	DIRE_SPAWNER_ANCIENT_4
[VScript] [CreepSpawner] created:	npc_dota_neutral_ice_shaman	spawner=	DIRE_SPAWNER_ANCIENT_4
[VScript] [CreepSpawner] created:	npc_dota_neutral_frostbitten_golem	spawner=	RADIANT_SPAWNER_ANCIENT_4
[VScript] [CreepSpawner] created:	npc_dota_neutral_frostbitten_golem	spawner=	RADIANT_SPAWNER_ANCIENT_4
[VScript] [CreepSpawner] created:	npc_dota_neutral_ice_shaman	spawner=	RADIANT_SPAWNER_ANCIENT_4
[VScript] [CreepSpawner] created:	npc_dota_neutral_rock_golem	spawner=	RADIANT_SPAWNER_ANCIENT_3
[VScript] [CreepSpawner] created:	npc_dota_neutral_rock_golem	spawner=	RADIANT_SPAWNER_ANCIENT_3
[VScript] [CreepSpawner] created:	npc_dota_neutral_granite_golem	spawner=	RADIANT_SPAWNER_ANCIENT_3
[VScript] [CreepSpawner] created:	npc_dota_neutral_frostbitten_golem	spawner=	DIRE_SPAWNER_ANCIENT_1
[VScript] [CreepSpawner] created:	npc_dota_neutral_frostbitten_golem	spawner=	DIRE_SPAWNER_ANCIENT_1
[VScript] [CreepSpawner] created:	npc_dota_neutral_ice_shaman	spawner=	DIRE_SPAWNER_ANCIENT_1
[VScript] [CreepSpawner] created:	npc_dota_neutral_harpy_storm	spawner=	DIRE_SPAWNER_MID_4
[VScript] [CreepSpawner] created:	npc_dota_neutral_gnoll_assassin	spawner=	RADIANT_SPAWNER_MID_1
[VScript] [CreepSpawner] created:	npc_dota_neutral_dark_troll	spawner=	DIRE_SPAWNER_FIVE_MED_2
[VScript] [CreepSpawner] created:	npc_dota_neutral_dark_troll	spawner=	DIRE_SPAWNER_FIVE_MED_2
[VScript] [CreepSpawner] created:	npc_dota_neutral_dark_troll_warlord	spawner=	DIRE_SPAWNER_FIVE_MED_2
[VScript] [CreepSpawner] created:	npc_dota_neutral_black_drake	spawner=	DIRE_SPAWNER_ANCIENT_6
[VScript] [CreepSpawner] created:	npc_dota_neutral_black_drake	spawner=	DIRE_SPAWNER_ANCIENT_6
[VScript] [CreepSpawner] created:	npc_dota_neutral_black_dragon	spawner=	DIRE_SPAWNER_ANCIENT_6
[VScript] [CreepSpawner] created:	npc_dota_neutral_rock_golem	spawner=	DIRE_SPAWNER_ANCIENT_3
[VScript] [CreepSpawner] created:	npc_dota_neutral_rock_golem	spawner=	DIRE_SPAWNER_ANCIENT_3
[VScript] [CreepSpawner] created:	npc_dota_neutral_granite_golem	spawner=	DIRE_SPAWNER_ANCIENT_3
[VScript] [CreepSpawner] created:	npc_dota_neutral_black_drake	spawner=	RADIANT_SPAWNER_ANCIENT_1
[VScript] [CreepSpawner] created:	npc_dota_neutral_black_drake	spawner=	RADIANT_SPAWNER_ANCIENT_1
[VScript] [CreepSpawner] created:	npc_dota_neutral_black_dragon	spawner=	RADIANT_SPAWNER_ANCIENT_1
[VScript] [CreepSpawner] created:	npc_dota_neutral_ogre_magi	spawner=	RADIANT_SPAWNER_HARD_UPER_5
[VScript] [CreepSpawner] created:	npc_dota_neutral_ogre_magi	spawner=	RADIANT_SPAWNER_HARD_UPER_5
[VScript] [CreepSpawner] created:	npc_dota_neutral_ogre_mauler	spawner=	RADIANT_SPAWNER_HARD_UPER_5
[VScript] [CreepSpawner] created:	npc_dota_neutral_giant_wolf	spawner=	DIRE_SPAWNER_FIVE_HARD_1
[VScript] [CreepSpawner] created:	npc_dota_neutral_alpha_wolf	spawner=	DIRE_SPAWNER_FIVE_HARD_1
[VScript] [CreepSpawner] created:	npc_dota_neutral_giant_wolf	spawner=	DIRE_SPAWNER_FIVE_HARD_1
[VScript] [CreepSpawner] created:	npc_necronomicon_warrior_3	spawner=	DIRE_SPAWNER_NECRO_2
[VScript] [CreepSpawner] created:	npc_necronomicon_archer_3	spawner=	DIRE_SPAWNER_NECRO_2
[VScript] [CreepSpawner] created:	npc_necronomicon_warrior_3	spawner=	DIRE_SPAWNER_NECRO_2
[VScript] [CreepSpawner] created:	npc_necronomicon_archer_3	spawner=	DIRE_SPAWNER_NECRO_2
[VScript] [CreepSpawner] created:	npc_dota_neutral_harpy_storm	spawner=	RADIANT_SPAWNER_MID_4
[VScript] [CreepSpawner] created:	npc_dota_neutral_harpy_scout	spawner=	RADIANT_SPAWNER_MID_4
[VScript] [CreepSpawner] created:	npc_dota_neutral_harpy_scout	spawner=	RADIANT_SPAWNER_MID_4
[VScript] [CreepSpawner] created:	npc_dota_neutral_giant_wolf	spawner=	RADIANT_SPAWNER_FIVE_HARD_1
[VScript] [CreepSpawner] created:	npc_dota_neutral_alpha_wolf	spawner=	RADIANT_SPAWNER_FIVE_HARD_1
[VScript] [CreepSpawner] created:	npc_dota_neutral_giant_wolf	spawner=	RADIANT_SPAWNER_FIVE_HARD_1
[VScript] [CreepSpawner] created:	npc_dota_neutral_frostbitten_golem	spawner=	RADIANT_SPAWNER_ANCIENT_2
[VScript] [CreepSpawner] created:	npc_dota_neutral_frostbitten_golem	spawner=	RADIANT_SPAWNER_ANCIENT_2
[VScript] [CreepSpawner] created:	npc_dota_neutral_ice_shaman	spawner=	RADIANT_SPAWNER_ANCIENT_2
[VScript] [CreepSpawner] created:	npc_dota_neutral_ogre_magi	spawner=	DIRE_SPAWNER_HARD_UPER_2
[VScript] [CreepSpawner] created:	npc_dota_neutral_ogre_magi	spawner=	DIRE_SPAWNER_HARD_UPER_2
[VScript] [CreepSpawner] created:	npc_dota_neutral_ogre_mauler	spawner=	DIRE_SPAWNER_HARD_UPER_2
[VScript] [CreepSpawner] created:	npc_dota_neutral_kobold_taskmaster	spawner=	RADIANT_SPAWNER_FIVE_SMALL_1
[VScript] [CreepSpawner] created:	npc_dota_neutral_kobold_tunneler	spawner=	RADIANT_SPAWNER_FIVE_SMALL_1
[VScript] [CreepSpawner] created:	npc_dota_neutral_kobold	spawner=	RADIANT_SPAWNER_FIVE_SMALL_1
[VScript] [CreepSpawner] created:	npc_dota_neutral_kobold	spawner=	RADIANT_SPAWNER_FIVE_SMALL_1
[VScript] [CreepSpawner] created:	npc_dota_neutral_satyr_soulstealer	spawner=	RADIANT_SPAWNER_FIVE_MED_1
[VScript] [CreepSpawner] created:	npc_dota_neutral_satyr_soulstealer	spawner=	RADIANT_SPAWNER_FIVE_MED_1
[VScript] [CreepSpawner] created:	npc_dota_neutral_satyr_trickster	spawner=	RADIANT_SPAWNER_FIVE_MED_1
[VScript] [CreepSpawner] created:	npc_dota_neutral_satyr_trickster	spawner=	RADIANT_SPAWNER_FIVE_MED_1
[VScript] [CreepSpawner] created:	npc_dota_neutral_black_drake	spawner=	DIRE_SPAWNER_ANCIENT_2
[VScript] [CreepSpawner] created:	npc_dota_neutral_black_drake	spawner=	DIRE_SPAWNER_ANCIENT_2
[VScript] [CreepSpawner] created:	npc_dota_neutral_black_dragon	spawner=	DIRE_SPAWNER_ANCIENT_2
[VScript] [CreepSpawner] created:	npc_dota_neutral_warpine_raider	spawner=	RADIANT_SPAWNER_HARD_UPER_4
[VScript] [CreepSpawner] created:	npc_dota_neutral_warpine_raider	spawner=	RADIANT_SPAWNER_HARD_UPER_4
[VScript] [CreepSpawner] created:	npc_dota_neutral_warpine_raider	spawner=	RADIANT_SPAWNER_HARD_UPER_4
[VScript] [CreepSpawner] created:	npc_dota_neutral_kobold_taskmaster	spawner=	DIRE_SPAWNER_FIVE_SMALL_2
[VScript] [CreepSpawner] created:	npc_dota_neutral_forest_troll_berserker	spawner=	DIRE_SPAWNER_FIVE_SMALL_2
[VScript] [CreepSpawner] created:	npc_dota_neutral_kobold	spawner=	DIRE_SPAWNER_FIVE_SMALL_2
[VScript] [CreepSpawner] created:	npc_dota_neutral_kobold	spawner=	DIRE_SPAWNER_FIVE_SMALL_2
[VScript] [CreepSpawner] created:	npc_dota_neutral_ghost	spawner=	DIRE_SPAWNER_MID_3
[VScript] [CreepSpawner] created:	npc_dota_neutral_ghost	spawner=	DIRE_SPAWNER_MID_3
[VScript] [CreepSpawner] created:	npc_dota_neutral_ghost	spawner=	DIRE_SPAWNER_MID_3
[VScript] [CreepSpawner] created:	npc_dota_neutral_centaur_outrunner	spawner=	DIRE_SPAWNER_HARD_UPER_1
[VScript] [CreepSpawner] created:	npc_dota_neutral_centaur_outrunner	spawner=	DIRE_SPAWNER_HARD_UPER_1
[VScript] [CreepSpawner] created:	npc_dota_neutral_centaur_khan	spawner=	DIRE_SPAWNER_HARD_UPER_1
[VScript] [CreepSpawner] created:	npc_dota_neutral_centaur_outrunner	spawner=	RADIANT_SPAWNER_HARD_UPER_1
[VScript] [CreepSpawner] created:	npc_dota_neutral_centaur_outrunner	spawner=	RADIANT_SPAWNER_HARD_UPER_1
[VScript] [CreepSpawner] created:	npc_dota_neutral_centaur_khan	spawner=	RADIANT_SPAWNER_HARD_UPER_1
[VScript] [CreepSpawner] created:	npc_dota_neutral_black_drake	spawner=	RADIANT_SPAWNER_ANCIENT_6
[VScript] [CreepSpawner] created:	npc_dota_neutral_polar_furbolg_ursa_warrior	spawner=	RADIANT_SPAWNER_HARD_UPER_6
[VScript] [CreepSpawner] created:	npc_dota_neutral_polar_furbolg_champion	spawner=	RADIANT_SPAWNER_HARD_UPER_6
[VScript] [CreepSpawner] created:	npc_dota_neutral_polar_furbolg_ursa_warrior	spawner=	RADIANT_SPAWNER_HARD_UPER_6
[VScript] [CreepSpawner] created:	npc_dota_neutral_polar_furbolg_ursa_warrior	spawner=	RADIANT_SPAWNER_HARD_UPER_3
[VScript] [CreepSpawner] created:	npc_dota_neutral_polar_furbolg_champion	spawner=	RADIANT_SPAWNER_HARD_UPER_3
[VScript] [CreepSpawner] created:	npc_dota_neutral_polar_furbolg_ursa_warrior	spawner=	RADIANT_SPAWNER_HARD_UPER_3
[VScript] [CreepSpawner] created:	npc_dota_neutral_kobold	spawner=	DIRE_SPAWNER_FIVE_SMALL_1
[VScript] [CreepSpawner] created:	npc_dota_neutral_kobold	spawner=	DIRE_SPAWNER_FIVE_SMALL_1
[VScript] [CreepSpawner] created:	npc_dota_neutral_kobold_tunneler	spawner=	DIRE_SPAWNER_FIVE_SMALL_1
[VScript] [CreepSpawner] created:	npc_dota_neutral_kobold_taskmaster	spawner=	DIRE_SPAWNER_FIVE_SMALL_1
[VScript] [CreepSpawner] created:	npc_dota_neutral_polar_furbolg_ursa_warrior	spawner=	DIRE_SPAWNER_HARD_UPER_6
[VScript] [CreepSpawner] created:	npc_dota_neutral_polar_furbolg_champion	spawner=	DIRE_SPAWNER_HARD_UPER_6
[VScript] [CreepSpawner] created:	npc_dota_neutral_polar_furbolg_ursa_warrior	spawner=	DIRE_SPAWNER_HARD_UPER_6
[VScript] [CreepSpawner] created:	npc_dota_neutral_warpine_raider	spawner=	DIRE_SPAWNER_HARD_UPER_5
[VScript] [CreepSpawner] created:	npc_dota_neutral_warpine_raider	spawner=	DIRE_SPAWNER_HARD_UPER_5
[VScript] [CreepSpawner] created:	npc_dota_neutral_warpine_raider	spawner=	DIRE_SPAWNER_HARD_UPER_5
[VScript] [CreepSpawner] created:	npc_dota_neutral_ogre_mauler	spawner=	DIRE_SPAWNER_HARD_UPER_4
[VScript] [CreepSpawner] created:	npc_dota_neutral_ogre_magi	spawner=	DIRE_SPAWNER_HARD_UPER_4
[VScript] [CreepSpawner] created:	npc_dota_neutral_ogre_magi	spawner=	DIRE_SPAWNER_HARD_UPER_4
[VScript] [CreepSpawner] created:	npc_dota_neutral_polar_furbolg_ursa_warrior	spawner=	DIRE_SPAWNER_HARD_UPER_3
[VScript] [CreepSpawner] created:	npc_dota_neutral_polar_furbolg_champion	spawner=	DIRE_SPAWNER_HARD_UPER_3
[VScript] [CreepSpawner] created:	npc_dota_neutral_polar_furbolg_ursa_warrior	spawner=	DIRE_SPAWNER_HARD_UPER_3
[VScript] [CreepSpawner] created:	npc_dota_neutral_kobold	spawner=	RADIANT_SPAWNER_FIVE_SMALL_2
[VScript] [CreepSpawner] created:	npc_dota_neutral_kobold	spawner=	RADIANT_SPAWNER_FIVE_SMALL_2
[VScript] [CreepSpawner] created:	npc_dota_neutral_forest_troll_berserker	spawner=	RADIANT_SPAWNER_FIVE_SMALL_2
[VScript] [CreepSpawner] created:	npc_dota_neutral_kobold_taskmaster	spawner=	RADIANT_SPAWNER_FIVE_SMALL_2
[VScript] [CreepSpawner] created:	npc_necronomicon_archer_3	spawner=	RADIANT_SPAWNER_NECRO_2
[VScript] [CreepSpawner] created:	npc_necronomicon_warrior_3	spawner=	RADIANT_SPAWNER_NECRO_2
[VScript] [CreepSpawner] created:	npc_necronomicon_archer_3	spawner=	RADIANT_SPAWNER_NECRO_2
[VScript] [CreepSpawner] created:	npc_necronomicon_warrior_3	spawner=	RADIANT_SPAWNER_NECRO_2
[VScript] [CreepSpawner] created:	npc_dota_neutral_satyr_trickster	spawner=	DIRE_SPAWNER_FIVE_MED_1
[VScript] [CreepSpawner] created:	npc_dota_neutral_satyr_trickster	spawner=	DIRE_SPAWNER_FIVE_MED_1
[VScript] [CreepSpawner] created:	npc_dota_neutral_satyr_soulstealer	spawner=	DIRE_SPAWNER_FIVE_MED_1
[VScript] [CreepSpawner] created:	npc_dota_neutral_satyr_soulstealer	spawner=	DIRE_SPAWNER_FIVE_MED_1
[VScript] [CreepSpawner] created:	npc_dota_neutral_harpy_scout	spawner=	DIRE_SPAWNER_MID_4
[VScript] [CreepSpawner] created:	npc_dota_neutral_ghost	spawner=	RADIANT_SPAWNER_MID_3
[VScript] [CreepSpawner] created:	npc_dota_neutral_harpy_scout	spawner=	DIRE_SPAWNER_MID_4
[VScript] [CreepSpawner] created:	npc_dota_neutral_gnoll_assassin	spawner=	RADIANT_SPAWNER_MID_1
[VScript] [CreepSpawner] created:	npc_dota_neutral_gnoll_assassin	spawner=	RADIANT_SPAWNER_MID_1
[VScript] [CreepSpawner] created:	npc_dota_neutral_ghost	spawner=	RADIANT_SPAWNER_MID_2
[VScript] [CreepSpawner] created:	npc_dota_neutral_ghost	spawner=	RADIANT_SPAWNER_MID_2
[VScript] [CreepSpawner] created:	npc_dota_neutral_ghost	spawner=	RADIANT_SPAWNER_MID_2
[VScript] [CreepSpawner] created:	npc_dota_neutral_black_drake	spawner=	DIRE_SPAWNER_ANCIENT_5
[VScript] [CreepSpawner] created:	npc_dota_neutral_black_drake	spawner=	DIRE_SPAWNER_ANCIENT_5
[VScript] [CreepSpawner] created:	npc_dota_neutral_black_dragon	spawner=	DIRE_SPAWNER_ANCIENT_5
[VScript] [CreepSpawner] created:	npc_dota_neutral_ogre_magi	spawner=	RADIANT_SPAWNER_HARD_UPER_2
[VScript] [CreepSpawner] created:	npc_dota_neutral_ogre_magi	spawner=	RADIANT_SPAWNER_HARD_UPER_2
[VScript] [CreepSpawner] created:	npc_dota_neutral_ogre_mauler	spawner=	RADIANT_SPAWNER_HARD_UPER_2
[VScript] [CreepSpawner] created:	npc_dota_neutral_dark_troll	spawner=	RADIANT_SPAWNER_FIVE_MED_2
[VScript] [CreepSpawner] created:	npc_dota_neutral_dark_troll	spawner=	RADIANT_SPAWNER_FIVE_MED_2
[VScript] [CreepSpawner] created:	npc_dota_neutral_dark_troll_warlord	spawner=	RADIANT_SPAWNER_FIVE_MED_2
[VScript] [CreepSpawner] created:	npc_dota_neutral_gnoll_assassin	spawner=	DIRE_SPAWNER_MID_1
[VScript] [CreepSpawner] created:	npc_dota_neutral_gnoll_assassin	spawner=	DIRE_SPAWNER_MID_1
[VScript] [CreepSpawner] created:	npc_dota_neutral_gnoll_assassin	spawner=	DIRE_SPAWNER_MID_1
[VScript] [CreepSpawner] created:	npc_dota_neutral_ghost	spawner=	DIRE_SPAWNER_MID_2
[VScript] [CreepSpawner] created:	npc_dota_neutral_ghost	spawner=	DIRE_SPAWNER_MID_2
[VScript] [CreepSpawner] created:	npc_dota_neutral_ghost	spawner=	DIRE_SPAWNER_MID_2
[VScript] [CreepSpawner] created:	npc_dota_neutral_ghost	spawner=	RADIANT_SPAWNER_MID_3
[VScript] [CreepSpawner] created:	npc_dota_neutral_ghost	spawner=	RADIANT_SPAWNER_MID_3
[VScript] [CreepSpawner] created:	npc_dota_neutral_black_drake	spawner=	RADIANT_SPAWNER_ANCIENT_6
[VScript] [CreepSpawner] created:	npc_dota_neutral_black_dragon	spawner=	RADIANT_SPAWNER_ANCIENT_6
[VScript] [CreepSpawner] created:	npc_dota_neutral_black_drake	spawner=	RADIANT_SPAWNER_ANCIENT_5
[VScript] [CreepSpawner] created:	npc_dota_neutral_black_drake	spawner=	RADIANT_SPAWNER_ANCIENT_5
[VScript] [CreepSpawner] created:	npc_dota_neutral_black_dragon	spawner=	RADIANT_SPAWNER_ANCIENT_5
[Entity System] Cannot create an entity because entity class is NULL -1
[Entity System] Cannot create an entity because entity class is NULL -1
[Entity System] Cannot create an entity because entity class is NULL -1
[Entity System] Cannot create an entity because entity class is NULL -1
[Entity System] Cannot create an entity because entity class is NULL -1
[VScript] [CreepSpawner] created:	npc_aa_creep_ghost_big	spawner=	DIRE_SPAWNER_NECRO_1
[Entity System] Cannot create an entity because entity class is NULL -1
[Entity System] Cannot create an entity because entity class is NULL -1
[Entity System] Cannot create an entity because entity class is NULL -1
[Entity System] Cannot create an entity because entity class is NULL -1
[VScript] [CreepSpawner] created:	npc_aa_creep_ghost_small_blue	spawner=	DIRE_SPAWNER_NECRO_1
[Entity System] Cannot create an entity because entity class is NULL -1
[Entity System] Cannot create an entity because entity class is NULL -1
[Entity System] Cannot create an entity because entity class is NULL -1
[Entity System] Cannot create an entity because entity class is NULL -1
[VScript] [CreepSpawner] created:	npc_aa_creep_ghost_small_red	spawner=	DIRE_SPAWNER_NECRO_1
[Entity System] Cannot create an entity because entity class is NULL -1
[Entity System] Cannot create an entity because entity class is NULL -1
[Entity System] Cannot create an entity because entity class is NULL -1
[Entity System] Cannot create an entity because entity class is NULL -1
[VScript] [CreepSpawner] created:	npc_aa_creep_ghost_small_green	spawner=	DIRE_SPAWNER_NECRO_1
[Entity System] Cannot create an entity because entity class is NULL -1
[Entity System] Cannot create an entity because entity class is NULL -1
[Entity System] Cannot create an entity because entity class is NULL -1
[Entity System] Cannot create an entity because entity class is NULL -1
[Entity System] Cannot create an entity because entity class is NULL -1
[VScript] [CreepSpawner] created:	npc_aa_creep_ghost_big	spawner=	RADIANT_SPAWNER_NECRO_1
[VScript] [Warning.Timers] bad perfomance on timers, processed 	148	 timers took	123.70033300295	ms
[VScript] [Warning.Timers]Function 	scripts/vscripts/lib/spawners/creep_spawner.lua	:	308	 took 	49.878957998008	ms
[VScript] [Warning.Timers]Function 	scripts/vscripts/lib/spawners/creep_spawner.lua	:	308	 took 	0.94195800274611	ms
[VScript] [Warning.Timers]Function 	scripts/vscripts/lib/spawners/creep_spawner.lua	:	308	 took 	0.40316699817777	ms
[VScript] [Warning.Timers]Function 	scripts/vscripts/lib/spawners/creep_spawner.lua	:	308	 took 	0.66245800256729	ms
[VScript] [Warning.Timers]Function 	scripts/vscripts/lib/spawners/creep_spawner.lua	:	308	 took 	0.42395899817348	ms
[VScript] [Warning.Timers]Function 	scripts/vscripts/lib/spawners/creep_spawner.lua	:	308	 took 	0.54900000244379	ms
[VScript] [Warning.Timers]Function 	scripts/vscripts/lib/spawners/creep_spawner.lua	:	308	 took 	0.41712500154972	ms
[VScript] [Warning.Timers]Function 	scripts/vscripts/lib/spawners/creep_spawner.lua	:	308	 took 	0.40195900201797	ms
[VScript] [Warning.Timers]Function 	scripts/vscripts/lib/spawners/creep_spawner.lua	:	308	 took 	0.3979170024395	ms
[VScript] [Warning.Timers]Function 	scripts/vscripts/lib/spawners/creep_spawner.lua	:	308	 took 	0.48566599562764	ms
[VScript] [Warning.Timers]Function 	scripts/vscripts/lib/spawners/creep_spawner.lua	:	308	 took 	0.40925000235438	ms
[VScript] [Warning.Timers]Function 	scripts/vscripts/lib/spawners/creep_spawner.lua	:	308	 took 	0.51183300092816	ms
[VScript] [Warning.Timers]Function 	scripts/vscripts/lib/spawners/creep_spawner.lua	:	308	 took 	0.40962499752641	ms
[[GCClient] Send msg 4508 (k_EMsgGCGameServerInfo), 82 bytes
Excessive frame time of 150.13ms clamped.  Acting as if the frame only took 100.00ms
[InputSystem] Processing SDL events took 5.4ms
[GCClient] Recv msg 2522 (k_EMsgGCServerVersionUpdated), 11 bytes
Version out of date (GC wants 6712, we are 6711)!
[VScript] Script Runtime Error: ...w_rising/scripts/vscripts/modifiers/modifier_aa_hero.lua:111: attempt to call method 'SetBaseMagicalResistanceValue' (a nil value)
stack traceback:
	...w_rising/scripts/vscripts/modifiers/modifier_aa_hero.lua:111: in function <...w_rising/scripts/vscripts/modifiers/modifier_aa_hero.lua:106>
Attempted to create unknown modifier type modifier_dominate_protection!
Attempted to create unknown modifier type modifier_dominate_protection!
Attempted to create unknown modifier type modifier_dominate_protection!
Attempted to create unknown modifier type modifier_dominate_protection!
Attempted to create unknown modifier type modifier_dominate_protection!
Attempted to create unknown modifier type modifier_dominate_protection!
[GCClient] Recv msg 7273 (k_EMsgGCChatMessage), 53 bytes
Attempted to create unknown modifier type modifier_dominate_protection!
Attempted to create unknown modifier type modifier_dominate_protection!
Attempted to create unknown modifier type modifier_dominate_protection!
Attempted to create unknown modifier type modifier_dominate_protection!
Attempted to create unknown modifier type modifier_dominate_protection!
Attempted to create unknown modifier type modifier_dominate_protection!
[Server] PR:NotePlayerCommsTime 0:[U:1:960329385] communicated at 128.033340
[VScript] Script Runtime Error: ...w_rising/scripts/vscripts/modifiers/modifier_aa_hero.lua:111: attempt to call method 'SetBaseMagicalResistanceValue' (a nil value)
stack traceback:
	...w_rising/scripts/vscripts/modifiers/modifier_aa_hero.lua:111: in function <...w_rising/scripts/vscripts/modifiers/modifier_aa_hero.lua:106>
Attempted to create unknown modifier type modifier_dominate_protection!
Attempted to create unknown modifier type modifier_dominate_protection!
Attempted to create unknown modifier type modifier_dominate_protection!
Attempted to create unknown modifier type modifier_dominate_protection!
Attempted to create unknown modifier type modifier_dominate_protection!
[Localization System] virtual const char *CLocalize::ConstructString(CBufferString *, const char *, const ILocVariableSource *, bool) failed to localize: #DOTA_Tooltip_Ability_sven_storm_bolt_SummaryDescription
[Localization System] virtual const char *CLocalize::ConstructString(CBufferString *, const char *, const ILocVariableSource *, bool) failed to localize: #DOTA_Tooltip_Ability_sven_storm_bolt_SummaryDescription_LevelUp
[Localization System] virtual const char *CLocalize::ConstructString(CBufferString *, const char *, const ILocVariableSource *, bool) failed to localize: #DOTA_Tooltip_Ability_sven_storm_bolt_SummaryDescription
[Localization System] virtual const char *CLocalize::ConstructString(CBufferString *, const char *, const ILocVariableSource *, bool) failed to localize: #DOTA_Tooltip_Ability_sven_storm_bolt_SummaryDescription_LevelUp
[Localization System] virtual const char *CLocalize::ConstructString(CBufferString *, const char *, const ILocVariableSource *, bool) failed to localize: #DOTA_Tooltip_Ability_sven_great_cleave_SummaryDescription
[Localization System] virtual const char *CLocalize::ConstructString(CBufferString *, const char *, const ILocVariableSource *, bool) failed to localize: #DOTA_Tooltip_Ability_sven_great_cleave_SummaryDescription_LevelUp
Attempted to create unknown modifier type modifier_dominate_protection!
[Localization System] virtual const char *CLocalize::ConstructString(CBufferString *, const char *, const ILocVariableSource *, bool) failed to localize: #DOTA_Tooltip_Ability_sven_great_cleave_SummaryDescription
[Localization System] virtual const char *CLocalize::ConstructString(CBufferString *, const char *, const ILocVariableSource *, bool) failed to localize: #DOTA_Tooltip_Ability_sven_great_cleave_SummaryDescription_LevelUp
[Localization System] virtual const char *CLocalize::ConstructString(CBufferString *, const char *, const ILocVariableSource *, bool) failed to localize: #DOTA_Tooltip_Ability_sven_great_cleave_SummaryDescription
[Localization System] virtual const char *CLocalize::ConstructString(CBufferString *, const char *, const ILocVariableSource *, bool) failed to localize: #DOTA_Tooltip_Ability_sven_great_cleave_SummaryDescription_LevelUp
[Localization System] virtual const char *CLocalize::ConstructString(CBufferString *, const char *, const ILocVariableSource *, bool) failed to localize: #DOTA_Tooltip_Ability_sven_great_cleave_SummaryDescription
[Localization System] virtual const char *CLocalize::ConstructString(CBufferString *, const char *, const ILocVariableSource *, bool) failed to localize: #DOTA_Tooltip_Ability_sven_great_cleave_SummaryDescription_LevelUp
[Localization System] virtual const char *CLocalize::ConstructString(CBufferString *, const char *, const ILocVariableSource *, bool) failed to localize: #DOTA_Tooltip_Ability_sven_great_cleave_SummaryDescription
[Localization System] virtual const char *CLocalize::ConstructString(CBufferString *, const char *, const ILocVariableSource *, bool) failed to localize: #DOTA_Tooltip_Ability_sven_great_cleave_SummaryDescription_LevelUp
[Localization System] virtual const char *CLocalize::ConstructString(CBufferString *, const char *, const ILocVariableSource *, bool) failed to localize: #DOTA_Tooltip_Ability_sven_great_cleave_SummaryDescription
[Localization System] virtual const char *CLocalize::ConstructString(CBufferString *, const char *, const ILocVariableSource *, bool) failed to localize: #DOTA_Tooltip_Ability_sven_great_cleave_SummaryDescription_LevelUp
[Localization System] virtual const char *CLocalize::ConstructString(CBufferString *, const char *, const ILocVariableSource *, bool) failed to localize: #DOTA_Tooltip_Ability_sven_great_cleave_SummaryDescription
[Localization System] virtual const char *CLocalize::ConstructString(CBufferString *, const char *, const ILocVariableSource *, bool) failed to localize: #DOTA_Tooltip_Ability_sven_great_cleave_SummaryDescription_LevelUp
[Localization System] virtual const char *CLocalize::ConstructString(CBufferString *, const char *, const ILocVariableSource *, bool) failed to localize: #DOTA_Tooltip_Ability_sven_great_cleave_SummaryDescription
[Localization System] virtual const char *CLocalize::ConstructString(CBufferString *, const char *, const ILocVariableSource *, bool) failed to localize: #DOTA_Tooltip_Ability_sven_great_cleave_SummaryDescription_LevelUp
[VScript] 23
[VScript] [CreepSpawner] entity_killed:	npc_dota_neutral_gnoll_assassin	spawner=	nil
[VScript] 22
[VScript] [CreepSpawner] entity_killed:	npc_dota_neutral_gnoll_assassin	spawner=	nil
[VScript] 20
[VScript] [CreepSpawner] entity_killed:	npc_dota_neutral_gnoll_assassin	spawner=	nil
Attempted to create unknown modifier type modifier_dominate_protection!
Attempted to create unknown modifier type modifier_dominate_protection!
> host_timescale 20
> host_timescale 1
CSwapChainBase::QueuePresentAndWait() looped for 21 iterations without a present event.
[RenderSystem] FrameSync() - bailing out of vkWaitForFences( fenceCount = 1 ) after 0.250305 seconds, error = VK_TIMEOUT
CSwapChainBase::QueuePresentAndWait() looped for 21 iterations without a present event.
[RenderSystem] FrameSync() - bailing out of vkWaitForFences( fenceCount = 2 ) after 0.251053 seconds, error = VK_TIMEOUT
CSwapChainBase::QueuePresentAndWait() looped for 21 iterations without a present event.
[RenderSystem] FrameSync() - bailing out of vkWaitForFences( fenceCount = 1 ) after 0.251026 seconds, error = VK_TIMEOUT
CSwapChainBase::QueuePresentAndWait() looped for 21 iterations without a present event.
[RenderSystem] FrameSync() - bailing out of vkWaitForFences( fenceCount = 1 ) after 0.251030 seconds, error = VK_TIMEOUT
CSwapChainBase::QueuePresentAndWait() looped for 21 iterations without a present event.
[RenderSystem] FrameSync() - bailing out of vkWaitForFences( fenceCount = 1 ) after 0.251036 seconds, error = VK_TIMEOUT
CSwapChainBase::QueuePresentAndWait() looped for 21 iterations without a present event.
[RenderSystem] FrameSync() - bailing out of vkWaitForFences( fenceCount = 1 ) after 0.251015 seconds, error = VK_TIMEOUT
[RenderSystem] FrameSync() - bailing out of vkWaitForFences( fenceCount = 2 ) after 0.251049 seconds, error = VK_TIMEOUT
CSwapChainBase::QueuePresentAndWait() looped for 21 iterations without a present event.
[RenderSystem] CRenderDeviceVulkan::WaitIfAheadOfTheGPUByMoreThanNFrames(): waited for 0.62 seconds
ChangeGameUIState: DOTA_GAME_UI_DOTA_INGAME -> DOTA_GAME_UI_STATE_DASHBOARD
[GCClient] Send msg 7197 (k_EMsgGCMatchmakingStatsRequest), 8 bytes
[GCClient] Send msg 8713 (k_EMsgClientToGCRequestActiveGuildChallenge), 23 bytes
[GCClient] Send msg 8800 (k_EMsgClientToGCGetAvailablePrivateCoachingSessionsSummary), 17 bytes
[GCClient] Recv msg 8801 (k_EMsgClientToGCGetAvailablePrivateCoachingSessionsSummaryResponse), 23 bytes
[GCClient] Recv msg 8714 (k_EMsgClientToGCRequestActiveGuildChallengeResponse), 40 bytes
[GCClient] Recv msg 7198 (k_EMsgGCMatchmakingStatsResponse), 316 bytes
[GCClient] Send msg 8729 (k_EMsgClientToGCRequestAccountGuildPersonaInfoBatch), 63 bytes
[GCClient] Recv msg 8730 (k_EMsgClientToGCRequestAccountGuildPersonaInfoBatchResponse), 82 bytes
[Entity System] Entity hero_camera [point_camera]: unrecognized parent "loadout_camera_model"
[ResourceSystem] WARNING: RESOURCE_TYPE_MATERIAL resource 'materials/stickers/season_6/teams/materials/sticker_6_7119388_0_mat.vmat' (8BD5D3AF856E4983) requested but is not in the system. (Missing from from a manifest?)
can't solve quadratic for light 0.000000 0.000000
can't solve quadratic for light 0.000000 0.000000
can't solve quadratic for light 20.000000 20.000000
can't solve quadratic for light 20.000000 20.000000
can't solve quadratic for light 20.000000 20.000000
[VScript] OnPlayerForceDisconnect in tick	1
[VScript] OnPlayerForceAbaddoned 	1
[VScript] [BossClass] Boss	boss_dire_top	try to spawn
[VScript] [BossClass] Boss	boss_dire_top	unit spawned
[VScript] [BossClass] Boss	boss_mid	try to spawn
[VScript] [BossClass] Boss	boss_mid	unit spawned
[VScript] [BossClass] Boss	miniboss_dire	try to spawn
[VScript] [BossClass] Boss	miniboss_dire	unit spawned
[VScript] [BossClass] Boss	boss_radiant_top	try to spawn
[VScript] [BossClass] Boss	boss_radiant_top	unit spawned
[VScript] [BossClass] Boss	miniboss_radiant	try to spawn
[VScript] [BossClass] Boss	miniboss_radiant	unit spawned
[VScript] [BossClass] Boss	boss_dire_bott	try to spawn
[VScript] [BossClass] Boss	boss_dire_bott	unit spawned
[VScript] [BossClass] Boss	boss_radiant_bott	try to spawn
[VScript] [BossClass] Boss	boss_radiant_bott	unit spawned
[VScript] [BossClass] Boss	boss_mid_bott	try to spawn
[VScript] [BossClass] Boss	boss_mid_bott	unit spawned
[VScript] [Warning.Timers] bad perfomance on timers, processed 	12	 timers took	172.39495800063	ms
[VScript] [Warning.Timers]Function 	...er_arena_new_rising/scripts/vscripts/addon_game_mode.lua	:	677	 took 	0.020165998488665	ms
[VScript] [Warning.Timers]Function 	...er_arena_new_rising/scripts/vscripts/addon_game_mode.lua	:	671	 took 	0.02462499961257	ms
[VScript] [Warning.Timers]Function 	...er_arena_new_rising/scripts/vscripts/addon_game_mode.lua	:	667	 took 	0.0333749987185	ms
[VScript] [Warning.Timers]Function 	scripts/vscripts/lib/boss/boss_spawner.lua	:	76	 took 	111.83975000307	ms
[VScript] [Warning.Timers]Function 	scripts/vscripts/lib/boss/boss_spawner.lua	:	76	 took 	18.656250003725	ms
[VScript] [Warning.Timers]Function 	scripts/vscripts/lib/boss/boss_spawner.lua	:	76	 took 	1.8802499994636	ms
[VScript] [Warning.Timers]Function 	scripts/vscripts/lib/boss/boss_spawner.lua	:	76	 took 	1.6189999990165	ms
[VScript] [Warning.Timers]Function 	scripts/vscripts/lib/boss/boss_spawner.lua	:	76	 took 	1.6255000010133	ms
[VScript] [Warning.Timers]Function 	scripts/vscripts/lib/boss/boss_spawner.lua	:	76	 took 	29.253000002354	ms
[VScript] [Warning.Timers]Function 	scripts/vscripts/lib/boss/boss_spawner.lua	:	76	 took 	2.7113749980927	ms
[VScript] [Warning.Timers]Function 	scripts/vscripts/lib/boss/boss_spawner.lua	:	76	 took 	4.69612499699	ms
[VScript] [Warning.Timers]Function 	scripts/vscripts/lib/bounty.lua	:	15	 took 	0.0028339996933937	ms
